â•â•â•â•â•â•â•â•â•â•â•â•â•â•â•â•â•â•â•â•â•â•â•â•â•â•â•â•â•â•â•â•â•â•â•â•â•â•â•â•â•â•â•â•â•â•â•â•â•â•â•â•â•â•â•â•â•â•â•â•â•â•â•â•â•â•â•â•â•â•â•â•â•â•â•
  PRODUCTION READINESS ASSESSMENT - EXECUTIVE SUMMARY
â•â•â•â•â•â•â•â•â•â•â•â•â•â•â•â•â•â•â•â•â•â•â•â•â•â•â•â•â•â•â•â•â•â•â•â•â•â•â•â•â•â•â•â•â•â•â•â•â•â•â•â•â•â•â•â•â•â•â•â•â•â•â•â•â•â•â•â•â•â•â•â•â•â•â•
Date: 2026-02-07
Agent: Agent 9 (SRE Production Readiness)

â”â”â”â”â”â”â”â”â”â”â”â”â”â”â”â”â”â”â”â”â”â”â”â”â”â”â”â”â”â”â”â”â”â”â”â”â”â”â”â”â”â”â”â”â”â”â”â”â”â”â”â”â”â”â”â”â”â”â”â”â”â”â”â”â”â”â”â”â”â”â”
  FINAL VERDICT
â”â”â”â”â”â”â”â”â”â”â”â”â”â”â”â”â”â”â”â”â”â”â”â”â”â”â”â”â”â”â”â”â”â”â”â”â”â”â”â”â”â”â”â”â”â”â”â”â”â”â”â”â”â”â”â”â”â”â”â”â”â”â”â”â”â”â”â”â”â”â”

ğŸ”´ NO-GO - DO NOT RELEASE v1.0

FINAL SCORE: 42/100 (32-point REGRESSION from 74/100 baseline)
BLOCKERS: 3 build-breaking issues
SECURITY: 2 critical + 7 high vulnerabilities
TESTS: CANNOT RUN (build blocked)
READY FOR RELEASE: NO

â”â”â”â”â”â”â”â”â”â”â”â”â”â”â”â”â”â”â”â”â”â”â”â”â”â”â”â”â”â”â”â”â”â”â”â”â”â”â”â”â”â”â”â”â”â”â”â”â”â”â”â”â”â”â”â”â”â”â”â”â”â”â”â”â”â”â”â”â”â”â”
  CRITICAL BLOCKERS (Must Fix Before Release)
â”â”â”â”â”â”â”â”â”â”â”â”â”â”â”â”â”â”â”â”â”â”â”â”â”â”â”â”â”â”â”â”â”â”â”â”â”â”â”â”â”â”â”â”â”â”â”â”â”â”â”â”â”â”â”â”â”â”â”â”â”â”â”â”â”â”â”â”â”â”â”

1. âŒ @ainative/ai-kit-core Build Failure
   File: packages/core/src/browser.ts
   Error: 8x TS2308 export ambiguity errors
   Impact: Core package cannot build, blocks ALL dependent packages
   Fix: Remove conflicting type re-exports (line 15 vs 61, 96, 102, 127, 140)

2. âŒ @ainative/ai-kit-video Build Failure  
   File: packages/video/src/recording/instrumented-screen-recorder.ts
   Error: 13x TypeScript errors (inheritance issues, missing 'override')
   Impact: Video package cannot build
   Fix: Rename private 'cleanup' property, add override modifiers

3. âŒ @ainative/ai-kit React Type-Check Failure
   File: packages/react/src/components/VideoRecorder/index.ts
   Error: TS1005 invalid syntax on line 2
   Impact: React package type-check fails
   Fix: Change `export default from` to `export { default } from`

â”â”â”â”â”â”â”â”â”â”â”â”â”â”â”â”â”â”â”â”â”â”â”â”â”â”â”â”â”â”â”â”â”â”â”â”â”â”â”â”â”â”â”â”â”â”â”â”â”â”â”â”â”â”â”â”â”â”â”â”â”â”â”â”â”â”â”â”â”â”â”
  VALIDATION RESULTS
â”â”â”â”â”â”â”â”â”â”â”â”â”â”â”â”â”â”â”â”â”â”â”â”â”â”â”â”â”â”â”â”â”â”â”â”â”â”â”â”â”â”â”â”â”â”â”â”â”â”â”â”â”â”â”â”â”â”â”â”â”â”â”â”â”â”â”â”â”â”â”

Build:       âŒ FAILED (exit 1)
Type-Check:  âŒ FAILED (>10 errors)
Tests:       â›” CANNOT RUN (blocked by build)
Lint:        â›” CANNOT RUN (blocked by build)
Security:    âŒ FAILED (2 critical, 7 high vulnerabilities)
Coverage:    â›” CANNOT MEASURE (blocked by build)

â”â”â”â”â”â”â”â”â”â”â”â”â”â”â”â”â”â”â”â”â”â”â”â”â”â”â”â”â”â”â”â”â”â”â”â”â”â”â”â”â”â”â”â”â”â”â”â”â”â”â”â”â”â”â”â”â”â”â”â”â”â”â”â”â”â”â”â”â”â”â”
  ISSUE RESOLUTION STATUS
â”â”â”â”â”â”â”â”â”â”â”â”â”â”â”â”â”â”â”â”â”â”â”â”â”â”â”â”â”â”â”â”â”â”â”â”â”â”â”â”â”â”â”â”â”â”â”â”â”â”â”â”â”â”â”â”â”â”â”â”â”â”â”â”â”â”â”â”â”â”â”

RESOLVED (4/8):
  âœ… #133: Blob URL memory leak (PR #153 merged)
  âœ… #134: MediaStream cleanup (PR #155 merged)
  âœ… #135: Missing observability (PR #154 merged - but introduced new bugs)
  âœ… #144: Video build errors (PR #152 merged - but new errors introduced)

OPEN (4/8):
  ğŸŸ¡ #148: SSE state transition failures
  ğŸŸ¡ #149: SSE async reconnection issues
  ğŸŸ¡ #150: WebSocket reconnection logic failures
  ğŸŸ¡ #151: Unhandled error events (has PR #156 but tests still fail)

NEW BLOCKERS (3):
  âŒ Core build failure (TS2308 - Issue #143 REGRESSED)
  âŒ Video build failure (class inheritance issues - NEW)
  âŒ React type-check failure (syntax error - NEW)

Resolution Rate: 4/8 original issues (50%)
But 3 NEW blockers introduced = NET NEGATIVE PROGRESS

â”â”â”â”â”â”â”â”â”â”â”â”â”â”â”â”â”â”â”â”â”â”â”â”â”â”â”â”â”â”â”â”â”â”â”â”â”â”â”â”â”â”â”â”â”â”â”â”â”â”â”â”â”â”â”â”â”â”â”â”â”â”â”â”â”â”â”â”â”â”â”
  SCORECARD BREAKDOWN
â”â”â”â”â”â”â”â”â”â”â”â”â”â”â”â”â”â”â”â”â”â”â”â”â”â”â”â”â”â”â”â”â”â”â”â”â”â”â”â”â”â”â”â”â”â”â”â”â”â”â”â”â”â”â”â”â”â”â”â”â”â”â”â”â”â”â”â”â”â”â”

Security:        0/20  âŒ (2 critical + 7 high vulnerabilities)
Reliability:     4/20  âŒ (2 issues fixed, tests blocked)
Performance:    15/15  âœ… (previous audit passed, no regression measured)
Testing:         0/20  âŒ (cannot run tests)
Observability:   8/10  âš ï¸ (implemented but caused regressions)
Documentation:  10/10  âœ… (complete)
Mobile/Browser:  5/5   âœ… (implemented but cannot build)

TOTAL: 42/100 (CRITICAL FAILURE)
Target: 78/100 for production
Gap: -36 points

â”â”â”â”â”â”â”â”â”â”â”â”â”â”â”â”â”â”â”â”â”â”â”â”â”â”â”â”â”â”â”â”â”â”â”â”â”â”â”â”â”â”â”â”â”â”â”â”â”â”â”â”â”â”â”â”â”â”â”â”â”â”â”â”â”â”â”â”â”â”â”
  ROOT CAUSE ANALYSIS
â”â”â”â”â”â”â”â”â”â”â”â”â”â”â”â”â”â”â”â”â”â”â”â”â”â”â”â”â”â”â”â”â”â”â”â”â”â”â”â”â”â”â”â”â”â”â”â”â”â”â”â”â”â”â”â”â”â”â”â”â”â”â”â”â”â”â”â”â”â”â”

Why did we REGRESS instead of improve?

1. PARALLEL AGENT COORDINATION FAILURE
   - Multiple agents made conflicting changes simultaneously
   - No integration testing between changes
   - PRs merged without verifying combined state

2. MISSING QUALITY GATES
   - PRs merged without local build verification
   - No required status checks enforced
   - CI/CD not blocking failed builds

3. INCOMPLETE FIXES
   - PR #145 claimed to fix browser.ts but issue persists
   - PR #154 added observability but broke build
   - Basic syntax errors reached main branch

4. VALIDATION GAPS
   - No pre-merge build check requirement
   - Agents didn't run `pnpm build` before merge
   - Type-check not enforced in PR workflow

â”â”â”â”â”â”â”â”â”â”â”â”â”â”â”â”â”â”â”â”â”â”â”â”â”â”â”â”â”â”â”â”â”â”â”â”â”â”â”â”â”â”â”â”â”â”â”â”â”â”â”â”â”â”â”â”â”â”â”â”â”â”â”â”â”â”â”â”â”â”â”
  IMMEDIATE ACTIONS REQUIRED (ETA: 4-8 hours)
â”â”â”â”â”â”â”â”â”â”â”â”â”â”â”â”â”â”â”â”â”â”â”â”â”â”â”â”â”â”â”â”â”â”â”â”â”â”â”â”â”â”â”â”â”â”â”â”â”â”â”â”â”â”â”â”â”â”â”â”â”â”â”â”â”â”â”â”â”â”â”

Priority 1: Fix Build Blockers (2-4 hours)
  [ ] Fix browser.ts export ambiguity
  [ ] Fix InstrumentedScreenRecorder inheritance
  [ ] Fix VideoRecorder export syntax
  [ ] Verify `pnpm build` succeeds (exit 0)

Priority 2: Security Remediation (1-2 hours)
  [ ] Run `pnpm audit fix`
  [ ] Update dependencies with critical vulnerabilities
  [ ] Verify 0 critical, 0 high vulnerabilities

Priority 3: Test Validation (1 hour)
  [ ] Run full test suite
  [ ] Fix SSE/WebSocket transport tests
  [ ] Verify >95% test pass rate
  [ ] Measure coverage (target >=80%)

Priority 4: Quality Gates (Immediate)
  [ ] Enable required status checks on main branch
  [ ] Require build + type-check + test to pass
  [ ] Add pre-commit hooks
  [ ] Prevent merges with failing CI

â”â”â”â”â”â”â”â”â”â”â”â”â”â”â”â”â”â”â”â”â”â”â”â”â”â”â”â”â”â”â”â”â”â”â”â”â”â”â”â”â”â”â”â”â”â”â”â”â”â”â”â”â”â”â”â”â”â”â”â”â”â”â”â”â”â”â”â”â”â”â”
  RE-ASSESSMENT CRITERIA
â”â”â”â”â”â”â”â”â”â”â”â”â”â”â”â”â”â”â”â”â”â”â”â”â”â”â”â”â”â”â”â”â”â”â”â”â”â”â”â”â”â”â”â”â”â”â”â”â”â”â”â”â”â”â”â”â”â”â”â”â”â”â”â”â”â”â”â”â”â”â”

Schedule new production readiness review when:
  âœ… All builds succeed (exit 0)
  âœ… Type-check passes (0 errors)
  âœ… Tests pass (>95% success rate)
  âœ… Security: 0 critical, 0 high vulnerabilities
  âœ… Coverage: >=80% all packages
  âœ… Score: >=78/100

â”â”â”â”â”â”â”â”â”â”â”â”â”â”â”â”â”â”â”â”â”â”â”â”â”â”â”â”â”â”â”â”â”â”â”â”â”â”â”â”â”â”â”â”â”â”â”â”â”â”â”â”â”â”â”â”â”â”â”â”â”â”â”â”â”â”â”â”â”â”â”
  RELEASE DECISION
â”â”â”â”â”â”â”â”â”â”â”â”â”â”â”â”â”â”â”â”â”â”â”â”â”â”â”â”â”â”â”â”â”â”â”â”â”â”â”â”â”â”â”â”â”â”â”â”â”â”â”â”â”â”â”â”â”â”â”â”â”â”â”â”â”â”â”â”â”â”â”

Recommendation: ğŸ”´ NO-GO

Justification:
- Build is completely broken (3 packages)
- Security posture unacceptable (9 critical/high vulnerabilities)
- Cannot run tests or measure coverage
- Score 42/100 vs 78/100 required (36-point gap)
- 3 NEW blockers introduced during "fixes"

Timeline to Production Ready: 4-8 hours of focused remediation

DO NOT RELEASE v1.0 until all Priority 1-3 actions completed.

â”â”â”â”â”â”â”â”â”â”â”â”â”â”â”â”â”â”â”â”â”â”â”â”â”â”â”â”â”â”â”â”â”â”â”â”â”â”â”â”â”â”â”â”â”â”â”â”â”â”â”â”â”â”â”â”â”â”â”â”â”â”â”â”â”â”â”â”â”â”â”

Full Report: /Users/aideveloper/ai-kit/PRODUCTION-READINESS-FINAL.md

Agent 9 Sign-Off
Date: 2026-02-07
